<?xml version="1.0" encoding="UTF-8"?>
<!-- Generated by org.testng.reporters.JUnitXMLReporter -->
<testsuite hostname="DESKTOP-S9U634I" ignored="0" name="Default test" tests="3" failures="0" timestamp="2022-09-02T16:08:28 CDT" time="1.821" errors="0">
  <testcase name="@BeforeMethod startEverything" time="1.776" classname="test.TestNGTest">
    <failure type="org.openqa.selenium.SessionNotCreatedException" message="session not created: This version of ChromeDriver only supports Chrome version 91
Current browser version is 104.0.5112.102 with binary path C:\Program Files (x86)\Google\Chrome\Application\chrome.exe
Build info: version: &amp;apos;3.141.59&amp;apos;, revision: &amp;apos;e82be7d358&amp;apos;, time: &amp;apos;2018-11-14T08:17:03&amp;apos;
System info: host: &amp;apos;DESKTOP-S9U634I&amp;apos;, ip: &amp;apos;192.168.0.167&amp;apos;, os.name: &amp;apos;Windows 10&amp;apos;, os.arch: &amp;apos;amd64&amp;apos;, os.version: &amp;apos;10.0&amp;apos;, java.version: &amp;apos;1.8.0_221&amp;apos;
Driver info: driver.version: ChromeDriver
remote stacktrace: Backtrace:
	Ordinal0 [0x00DB2DB3+2502067]
	Ordinal0 [0x00D4C5B1+2082225]
	Ordinal0 [0x00C52498+1057944]
	Ordinal0 [0x00C705DA+1181146]
	Ordinal0 [0x00C6C43C+1164348]
	Ordinal0 [0x00C69C73+1154163]
	Ordinal0 [0x00C99A22+1350178]
	Ordinal0 [0x00C9967A+1349242]
	Ordinal0 [0x00C95BEB+1334251]
	Ordinal0 [0x00C72174+1188212]
	Ordinal0 [0x00C73009+1191945]
	GetHandleVerifier [0x00F2EC5C+1511084]
	GetHandleVerifier [0x00FD8522+2205554]
	GetHandleVerifier [0x00E33393+480739]
	GetHandleVerifier [0x00E32579+477129]
	Ordinal0 [0x00D51E5D+2104925]
	Ordinal0 [0x00D563F8+2122744]
	Ordinal0 [0x00D56537+2123063]
	Ordinal0 [0x00D5EE53+2158163]
	BaseThreadInitThunk [0x769DFA29+25]
	RtlGetAppContainerNamedObjectPath [0x77567A9E+286]
	RtlGetAppContainerNamedObjectPath [0x77567A6E+238]
">
      <![CDATA[org.openqa.selenium.SessionNotCreatedException: session not created: This version of ChromeDriver only supports Chrome version 91
Current browser version is 104.0.5112.102 with binary path C:\Program Files (x86)\Google\Chrome\Application\chrome.exe
Build info: version: '3.141.59', revision: 'e82be7d358', time: '2018-11-14T08:17:03'
System info: host: 'DESKTOP-S9U634I', ip: '192.168.0.167', os.name: 'Windows 10', os.arch: 'amd64', os.version: '10.0', java.version: '1.8.0_221'
Driver info: driver.version: ChromeDriver
remote stacktrace: Backtrace:
Ordinal0 [0x00DB2DB3+2502067]
Ordinal0 [0x00D4C5B1+2082225]
Ordinal0 [0x00C52498+1057944]
Ordinal0 [0x00C705DA+1181146]
Ordinal0 [0x00C6C43C+1164348]
Ordinal0 [0x00C69C73+1154163]
Ordinal0 [0x00C99A22+1350178]
Ordinal0 [0x00C9967A+1349242]
Ordinal0 [0x00C95BEB+1334251]
Ordinal0 [0x00C72174+1188212]
Ordinal0 [0x00C73009+1191945]
GetHandleVerifier [0x00F2EC5C+1511084]
GetHandleVerifier [0x00FD8522+2205554]
GetHandleVerifier [0x00E33393+480739]
GetHandleVerifier [0x00E32579+477129]
Ordinal0 [0x00D51E5D+2104925]
Ordinal0 [0x00D563F8+2122744]
Ordinal0 [0x00D56537+2123063]
Ordinal0 [0x00D5EE53+2158163]
BaseThreadInitThunk [0x769DFA29+25]
RtlGetAppContainerNamedObjectPath [0x77567A9E+286]
RtlGetAppContainerNamedObjectPath [0x77567A6E+238]

at sun.reflect.NativeConstructorAccessorImpl.newInstance0(Native Method)
at sun.reflect.NativeConstructorAccessorImpl.newInstance(NativeConstructorAccessorImpl.java:62)
at sun.reflect.DelegatingConstructorAccessorImpl.newInstance(DelegatingConstructorAccessorImpl.java:45)
at java.lang.reflect.Constructor.newInstance(Constructor.java:423)
at org.openqa.selenium.remote.W3CHandshakeResponse.lambda$errorHandler$0(W3CHandshakeResponse.java:62)
at org.openqa.selenium.remote.HandshakeResponse.lambda$getResponseFunction$0(HandshakeResponse.java:30)
at org.openqa.selenium.remote.ProtocolHandshake.lambda$createSession$0(ProtocolHandshake.java:126)
at java.util.stream.ReferencePipeline$3$1.accept(ReferencePipeline.java:193)
at java.util.Spliterators$ArraySpliterator.tryAdvance(Spliterators.java:958)
at java.util.stream.ReferencePipeline.forEachWithCancel(ReferencePipeline.java:126)
at java.util.stream.AbstractPipeline.copyIntoWithCancel(AbstractPipeline.java:499)
at java.util.stream.AbstractPipeline.copyInto(AbstractPipeline.java:486)
at java.util.stream.AbstractPipeline.wrapAndCopyInto(AbstractPipeline.java:472)
at java.util.stream.FindOps$FindOp.evaluateSequential(FindOps.java:152)
at java.util.stream.AbstractPipeline.evaluate(AbstractPipeline.java:234)
at java.util.stream.ReferencePipeline.findFirst(ReferencePipeline.java:464)
at org.openqa.selenium.remote.ProtocolHandshake.createSession(ProtocolHandshake.java:128)
at org.openqa.selenium.remote.ProtocolHandshake.createSession(ProtocolHandshake.java:74)
at org.openqa.selenium.remote.HttpCommandExecutor.execute(HttpCommandExecutor.java:136)
at org.openqa.selenium.remote.service.DriverCommandExecutor.execute(DriverCommandExecutor.java:83)
at org.openqa.selenium.remote.RemoteWebDriver.execute(RemoteWebDriver.java:552)
at org.openqa.selenium.remote.RemoteWebDriver.startSession(RemoteWebDriver.java:213)
at org.openqa.selenium.remote.RemoteWebDriver.<init>(RemoteWebDriver.java:131)
at org.openqa.selenium.chrome.ChromeDriver.<init>(ChromeDriver.java:181)
at org.openqa.selenium.chrome.ChromeDriver.<init>(ChromeDriver.java:168)
at org.openqa.selenium.chrome.ChromeDriver.<init>(ChromeDriver.java:123)
at util.BrowserFactory.startBrowser(BrowserFactory.java:14)
at test.TestNGTest.startEverything(TestNGTest.java:30)
at sun.reflect.NativeMethodAccessorImpl.invoke0(Native Method)
at sun.reflect.NativeMethodAccessorImpl.invoke(NativeMethodAccessorImpl.java:62)
at sun.reflect.DelegatingMethodAccessorImpl.invoke(DelegatingMethodAccessorImpl.java:43)
at java.lang.reflect.Method.invoke(Method.java:498)
at org.testng.internal.MethodInvocationHelper.invokeMethod(MethodInvocationHelper.java:133)
at org.testng.internal.MethodInvocationHelper.invokeMethodConsideringTimeout(MethodInvocationHelper.java:62)
at org.testng.internal.ConfigInvoker.invokeConfigurationMethod(ConfigInvoker.java:385)
at org.testng.internal.ConfigInvoker.invokeConfigurations(ConfigInvoker.java:321)
at org.testng.internal.TestInvoker.runConfigMethods(TestInvoker.java:700)
at org.testng.internal.TestInvoker.invokeMethod(TestInvoker.java:527)
at org.testng.internal.TestInvoker.invokeTestMethod(TestInvoker.java:173)
at org.testng.internal.MethodRunner.runInSequence(MethodRunner.java:46)
at org.testng.internal.TestInvoker$MethodInvocationAgent.invoke(TestInvoker.java:824)
at org.testng.internal.TestInvoker.invokeTestMethods(TestInvoker.java:146)
at org.testng.internal.TestMethodWorker.invokeTestMethods(TestMethodWorker.java:146)
at org.testng.internal.TestMethodWorker.run(TestMethodWorker.java:128)
at java.util.ArrayList.forEach(ArrayList.java:1257)
at org.testng.TestRunner.privateRun(TestRunner.java:794)
at org.testng.TestRunner.run(TestRunner.java:596)
at org.testng.SuiteRunner.runTest(SuiteRunner.java:377)
at org.testng.SuiteRunner.runSequentially(SuiteRunner.java:371)
at org.testng.SuiteRunner.privateRun(SuiteRunner.java:332)
at org.testng.SuiteRunner.run(SuiteRunner.java:276)
at org.testng.SuiteRunnerWorker.runSuite(SuiteRunnerWorker.java:53)
at org.testng.SuiteRunnerWorker.run(SuiteRunnerWorker.java:96)
at org.testng.TestNG.runSuitesSequentially(TestNG.java:1212)
at org.testng.TestNG.runSuitesLocally(TestNG.java:1134)
at org.testng.TestNG.runSuites(TestNG.java:1063)
at org.testng.TestNG.run(TestNG.java:1031)
at org.testng.remote.AbstractRemoteTestNG.run(AbstractRemoteTestNG.java:115)
at org.testng.remote.RemoteTestNG.initAndRun(RemoteTestNG.java:251)
at org.testng.remote.RemoteTestNG.main(RemoteTestNG.java:77)
]]>
    </failure>
  </testcase> <!-- @BeforeMethod startEverything -->
  <testcase name="@AfterMethod tearDown" time="-1.662152908844E9" classname="test.TestNGTest">
    <skipped/>
  </testcase> <!-- @AfterMethod tearDown -->
  <testcase name="@BeforeMethod startEverything" time="-1.662152908848E9" classname="test.TestNGTest">
    <skipped/>
  </testcase> <!-- @BeforeMethod startEverything -->
  <testcase name="@AfterMethod tearDown" time="-1.662152908851E9" classname="test.TestNGTest">
    <skipped/>
  </testcase> <!-- @AfterMethod tearDown -->
  <testcase name="@BeforeMethod startEverything" time="-1.662152908852E9" classname="test.TestNGTest">
    <skipped/>
  </testcase> <!-- @BeforeMethod startEverything -->
  <testcase name="@AfterMethod tearDown" time="-1.662152908855E9" classname="test.TestNGTest">
    <skipped/>
  </testcase> <!-- @AfterMethod tearDown -->
  <testcase name="userShouldBeAbleToAddCategory" time="0.0" classname="test.TestNGTest">
    <skipped/>
  </testcase> <!-- userShouldBeAbleToAddCategory -->
  <testcase name="userShouldNotBeAbleToAddDuplicateCategory" time="0.0" classname="test.TestNGTest">
    <skipped/>
  </testcase> <!-- userShouldNotBeAbleToAddDuplicateCategory -->
  <testcase name="dropdownShouldHaveAllMonths" time="0.0" classname="test.TestNGTest">
    <skipped/>
  </testcase> <!-- dropdownShouldHaveAllMonths -->
</testsuite> <!-- Default test -->
