-------------------------------------------------------------------------------
Test set: test.TestNGTest
-------------------------------------------------------------------------------
Tests run: 1, Failures: 1, Errors: 0, Skipped: 0, Time elapsed: 4.58 sec <<< FAILURE!
addCategoryName(test.TestNGTest)  Time elapsed: 0.918 sec  <<< FAILURE!
java.lang.NullPointerException
	at test.TestNGTest.addCategoryName(TestNGTest.java:31)

